2024-04-15T05:42:04.284+01:00  INFO 2332 --- [ms-credit-assessment] [restartedMain] i.n.m.MsCreditAssessmentApplication      : Starting MsCreditAssessmentApplication using Java 17.0.5 with PID 2332 (C:\Projects\Nepsther-projects\Avaliador-de-credito\ms-credit-assessment\target\classes started by kenne in C:\Projects\Nepsther-projects\Avaliador-de-credito\ms-credit-assessment)
2024-04-15T05:42:04.294+01:00  INFO 2332 --- [ms-credit-assessment] [restartedMain] i.n.m.MsCreditAssessmentApplication      : No active profile set, falling back to 1 default profile: "default"
2024-04-15T05:42:04.384+01:00  INFO 2332 --- [ms-credit-assessment] [restartedMain] .e.DevToolsPropertyDefaultsPostProcessor : Devtools property defaults active! Set 'spring.devtools.add-properties' to 'false' to disable
2024-04-15T05:42:04.386+01:00  INFO 2332 --- [ms-credit-assessment] [restartedMain] .e.DevToolsPropertyDefaultsPostProcessor : For additional web related logging consider setting the 'logging.level.web' property to 'DEBUG'
2024-04-15T05:42:05.658+01:00  INFO 2332 --- [ms-credit-assessment] [restartedMain] o.s.cloud.context.scope.GenericScope     : BeanFactory id=864a170c-a3c4-34d9-a45d-ca9833a896f6
2024-04-15T05:42:05.842+01:00  WARN 2332 --- [ms-credit-assessment] [restartedMain] trationDelegate$BeanPostProcessorChecker : Bean 'org.springframework.cloud.client.loadbalancer.LoadBalancerAutoConfiguration$DeferringLoadBalancerInterceptorConfig' of type [org.springframework.cloud.client.loadbalancer.LoadBalancerAutoConfiguration$DeferringLoadBalancerInterceptorConfig] is not eligible for getting processed by all BeanPostProcessors (for example: not eligible for auto-proxying). The currently created BeanPostProcessor [lbRestClientPostProcessor] is declared through a non-static factory method on that class; consider declaring it as static instead.
2024-04-15T05:42:05.845+01:00  WARN 2332 --- [ms-credit-assessment] [restartedMain] trationDelegate$BeanPostProcessorChecker : Bean 'deferringLoadBalancerInterceptor' of type [org.springframework.cloud.client.loadbalancer.DeferringLoadBalancerInterceptor] is not eligible for getting processed by all BeanPostProcessors (for example: not eligible for auto-proxying). Is this bean getting eagerly injected into a currently created BeanPostProcessor [lbRestClientPostProcessor]? Check the corresponding BeanPostProcessor declaration and its dependencies.
2024-04-15T05:42:06.231+01:00  INFO 2332 --- [ms-credit-assessment] [restartedMain] o.s.b.w.embedded.tomcat.TomcatWebServer  : Tomcat initialized with port 0 (http)
2024-04-15T05:42:06.238+01:00  INFO 2332 --- [ms-credit-assessment] [restartedMain] o.apache.catalina.core.StandardService   : Starting service [Tomcat]
2024-04-15T05:42:06.239+01:00  INFO 2332 --- [ms-credit-assessment] [restartedMain] o.apache.catalina.core.StandardEngine    : Starting Servlet engine: [Apache Tomcat/10.1.19]
2024-04-15T05:42:06.279+01:00  INFO 2332 --- [ms-credit-assessment] [restartedMain] o.a.c.c.C.[Tomcat].[localhost].[/]       : Initializing Spring embedded WebApplicationContext
2024-04-15T05:42:06.279+01:00  INFO 2332 --- [ms-credit-assessment] [restartedMain] w.s.c.ServletWebServerApplicationContext : Root WebApplicationContext: initialization completed in 1893 ms
2024-04-15T05:42:06.805+01:00  WARN 2332 --- [ms-credit-assessment] [restartedMain] o.s.b.d.a.OptionalLiveReloadServer       : Unable to start LiveReload server
2024-04-15T05:42:06.901+01:00  INFO 2332 --- [ms-credit-assessment] [restartedMain] o.s.c.openfeign.FeignClientFactoryBean   : For 'ms-clients' URL not provided. Will try picking an instance via load-balancing.
2024-04-15T05:42:06.948+01:00  INFO 2332 --- [ms-credit-assessment] [restartedMain] o.s.c.openfeign.FeignClientFactoryBean   : For 'ms-cards' URL not provided. Will try picking an instance via load-balancing.
2024-04-15T05:42:07.782+01:00  INFO 2332 --- [ms-credit-assessment] [restartedMain] DiscoveryClientOptionalArgsConfiguration : Eureka HTTP Client uses RestTemplate.
2024-04-15T05:42:07.812+01:00  WARN 2332 --- [ms-credit-assessment] [restartedMain] iguration$LoadBalancerCaffeineWarnLogger : Spring Cloud LoadBalancer is currently working with the default cache. While this cache implementation is useful for development and tests, it's recommended to use Caffeine cache in production.You can switch to using Caffeine cache, by adding it and org.springframework.cache.caffeine.CaffeineCacheManager to the classpath.
2024-04-15T05:42:07.824+01:00  INFO 2332 --- [ms-credit-assessment] [restartedMain] o.s.b.a.e.web.EndpointLinksResolver      : Exposing 17 endpoint(s) beneath base path '/actuator'
2024-04-15T05:42:07.904+01:00  INFO 2332 --- [ms-credit-assessment] [restartedMain] o.s.b.w.embedded.tomcat.TomcatWebServer  : Tomcat started on port 55673 (http) with context path ''
2024-04-15T05:42:07.905+01:00  INFO 2332 --- [ms-credit-assessment] [restartedMain] .s.c.n.e.s.EurekaAutoServiceRegistration : Updating port to 55673
2024-04-15T05:42:07.909+01:00  INFO 2332 --- [ms-credit-assessment] [restartedMain] o.s.c.n.eureka.InstanceInfoFactory       : Setting initial instance status as: STARTING
2024-04-15T05:42:07.932+01:00  INFO 2332 --- [ms-credit-assessment] [restartedMain] com.netflix.discovery.DiscoveryClient    : Initializing Eureka in region us-east-1
2024-04-15T05:42:07.937+01:00  INFO 2332 --- [ms-credit-assessment] [restartedMain] c.n.d.s.r.aws.ConfigClusterResolver      : Resolving eureka endpoints via configuration
2024-04-15T05:42:07.951+01:00  INFO 2332 --- [ms-credit-assessment] [restartedMain] com.netflix.discovery.DiscoveryClient    : Disable delta property : false
2024-04-15T05:42:07.951+01:00  INFO 2332 --- [ms-credit-assessment] [restartedMain] com.netflix.discovery.DiscoveryClient    : Single vip registry refresh property : null
2024-04-15T05:42:07.951+01:00  INFO 2332 --- [ms-credit-assessment] [restartedMain] com.netflix.discovery.DiscoveryClient    : Force full registry fetch : false
2024-04-15T05:42:07.951+01:00  INFO 2332 --- [ms-credit-assessment] [restartedMain] com.netflix.discovery.DiscoveryClient    : Application is null : false
2024-04-15T05:42:07.951+01:00  INFO 2332 --- [ms-credit-assessment] [restartedMain] com.netflix.discovery.DiscoveryClient    : Registered Applications size is zero : true
2024-04-15T05:42:07.952+01:00  INFO 2332 --- [ms-credit-assessment] [restartedMain] com.netflix.discovery.DiscoveryClient    : Application version is -1: true
2024-04-15T05:42:07.952+01:00  INFO 2332 --- [ms-credit-assessment] [restartedMain] com.netflix.discovery.DiscoveryClient    : Getting all instance registry info from the eureka server
2024-04-15T05:42:08.245+01:00  INFO 2332 --- [ms-credit-assessment] [restartedMain] com.netflix.discovery.DiscoveryClient    : The response status is 200
2024-04-15T05:42:08.247+01:00  INFO 2332 --- [ms-credit-assessment] [restartedMain] com.netflix.discovery.DiscoveryClient    : Starting heartbeat executor: renew interval is: 30
2024-04-15T05:42:08.250+01:00  INFO 2332 --- [ms-credit-assessment] [restartedMain] c.n.discovery.InstanceInfoReplicator     : InstanceInfoReplicator onDemand update allowed rate per min is 4
2024-04-15T05:42:08.253+01:00  INFO 2332 --- [ms-credit-assessment] [restartedMain] com.netflix.discovery.DiscoveryClient    : Discovery Client initialized at timestamp 1713156128252 with initial instances count: 4
2024-04-15T05:42:08.257+01:00  INFO 2332 --- [ms-credit-assessment] [restartedMain] o.s.c.n.e.s.EurekaServiceRegistry        : Registering application MS-CREDIT-ASSESSMENT with eureka with status UP
2024-04-15T05:42:08.257+01:00  INFO 2332 --- [ms-credit-assessment] [restartedMain] com.netflix.discovery.DiscoveryClient    : Saw local status change event StatusChangeEvent [timestamp=1713156128257, current=UP, previous=STARTING]
2024-04-15T05:42:08.259+01:00  INFO 2332 --- [ms-credit-assessment] [DiscoveryClient-InstanceInfoReplicator-0] com.netflix.discovery.DiscoveryClient    : DiscoveryClient_MS-CREDIT-ASSESSMENT/Nepsther:ms-credit-assessment:83def4baefd71a51bf02aab1b4f7c84d: registering service...
2024-04-15T05:42:08.360+01:00  INFO 2332 --- [ms-credit-assessment] [restartedMain] i.n.m.MsCreditAssessmentApplication      : Started MsCreditAssessmentApplication in 4.99 seconds (process running for 6.939)
2024-04-15T05:42:08.386+01:00  INFO 2332 --- [ms-credit-assessment] [DiscoveryClient-InstanceInfoReplicator-0] com.netflix.discovery.DiscoveryClient    : DiscoveryClient_MS-CREDIT-ASSESSMENT/Nepsther:ms-credit-assessment:83def4baefd71a51bf02aab1b4f7c84d - registration status: 204
2024-04-15T05:42:08.727+01:00  INFO 2332 --- [ms-credit-assessment] [RMI TCP Connection(4)-192.168.18.4] o.a.c.c.C.[Tomcat].[localhost].[/]       : Initializing Spring DispatcherServlet 'dispatcherServlet'
2024-04-15T05:42:08.727+01:00  INFO 2332 --- [ms-credit-assessment] [RMI TCP Connection(4)-192.168.18.4] o.s.web.servlet.DispatcherServlet        : Initializing Servlet 'dispatcherServlet'
2024-04-15T05:42:08.728+01:00  INFO 2332 --- [ms-credit-assessment] [RMI TCP Connection(5)-192.168.18.4] o.s.a.r.c.CachingConnectionFactory       : Attempting to connect to: [localhost:5672]
2024-04-15T05:42:08.729+01:00  INFO 2332 --- [ms-credit-assessment] [RMI TCP Connection(4)-192.168.18.4] o.s.web.servlet.DispatcherServlet        : Completed initialization in 1 ms
2024-04-15T05:42:08.775+01:00  INFO 2332 --- [ms-credit-assessment] [RMI TCP Connection(5)-192.168.18.4] o.s.a.r.c.CachingConnectionFactory       : Created new connection: rabbitConnectionFactory#3ebdd390:0/SimpleConnection@625def5d [delegate=amqp://guest@127.0.0.1:5672/, localPort=55677]
